# JMH version: 1.21
# VM version: JDK 1.8.0_74, Java HotSpot(TM) 64-Bit Server VM, 25.74-b02
# VM invoker: /Library/Java/JavaVirtualMachines/jdk1.8.0_74.jdk/Contents/Home/jre/bin/java
# VM options: -javaagent:/Applications/IntelliJ IDEA.app/Contents/lib/idea_rt.jar=55830:/Applications/IntelliJ IDEA.app/Contents/bin -Dfile.encoding=UTF-8
# Warmup: 5 iterations, 10 s each
# Measurement: 5 iterations, 10 s each
# Timeout: 10 min per iteration
# Threads: 1 thread, will synchronize iterations
# Benchmark mode: Throughput, ops/time
# Benchmark: com.cxd.benchmark.JMHSample_04_DefaultState.measureDefaultState

# Run progress: 0.00% complete, ETA 00:01:40
# Fork: 1 of 1
objc[19272]: Class JavaLaunchHelper is implemented in both /Library/Java/JavaVirtualMachines/jdk1.8.0_74.jdk/Contents/Home/jre/bin/java (0x101ca14c0) and /Library/Java/JavaVirtualMachines/jdk1.8.0_74.jdk/Contents/Home/jre/lib/libinstrument.dylib (0x102cb44e0). One of the two will be used. Which one is undefined.
# Warmup Iteration   1: 262442139.099 ops/s
# Warmup Iteration   2: 318544830.669 ops/s
# Warmup Iteration   3: 326803919.170 ops/s
# Warmup Iteration   4: 321430500.768 ops/s
# Warmup Iteration   5: 297883508.126 ops/s
Iteration   1: 308473883.327 ops/s
Iteration   2: 327861920.789 ops/s
Iteration   3: 317219922.179 ops/s
Iteration   4: 304677597.943 ops/s
Iteration   5: 322662983.022 ops/s


Result "com.cxd.benchmark.JMHSample_04_DefaultState.measureDefaultState":
  316179261.452 ±(99.9%) 37097675.208 ops/s [Average]
  (min, avg, max) = (304677597.943, 316179261.452, 327861920.789), stdev = 9634148.443
  CI (99.9%): [279081586.244, 353276936.659] (assumes normal distribution)


# Run complete. Total time: 00:01:42

REMEMBER: The numbers below are just data. To gain reusable insights, you need to follow up on
why the numbers are the way they are. Use profilers (see -prof, -lprof), design factorial
experiments, perform baseline and negative tests that provide experimental control, make sure
the benchmarking environment is safe on JVM/OS/HW level, ask for reviews from the domain experts.
Do not assume the numbers tell you what you want them to tell.

Benchmark                                       Mode  Cnt          Score          Error  Units
JMHSample_04_DefaultState.measureDefaultState  thrpt    5  316179261.452 ± 37097675.208  ops/s
