# JMH version: 1.21
# VM version: JDK 1.8.0_74, Java HotSpot(TM) 64-Bit Server VM, 25.74-b02
# VM invoker: /Library/Java/JavaVirtualMachines/jdk1.8.0_74.jdk/Contents/Home/jre/bin/java
# VM options: -ea
# Warmup: 5 iterations, 10 s each
# Measurement: 5 iterations, 10 s each
# Timeout: 10 min per iteration
# Threads: 1 thread, will synchronize iterations
# Benchmark mode: Throughput, ops/time
# Benchmark: com.cxd.benchmark.JMHSample_06_FixtureLevel.measureRight

# Run progress: 0.00% complete, ETA 00:03:20
# Fork: 1 of 1
# Warmup Iteration   1: 320745929.651 ops/s
# Warmup Iteration   2: 333815065.169 ops/s
# Warmup Iteration   3: 332822546.863 ops/s
# Warmup Iteration   4: 319694659.747 ops/s
# Warmup Iteration   5: 334765833.313 ops/s
Iteration   1: 341344250.091 ops/s
Iteration   2: 339958148.377 ops/s
Iteration   3: 340261533.376 ops/s
Iteration   4: 339894125.212 ops/s
Iteration   5: 335575883.452 ops/s


Result "com.cxd.benchmark.JMHSample_06_FixtureLevel.measureRight":
  339406788.102 ±(99.9%) 8545843.495 ops/s [Average]
  (min, avg, max) = (335575883.452, 339406788.102, 341344250.091), stdev = 2219328.417
  CI (99.9%): [330860944.606, 347952631.597] (assumes normal distribution)


# JMH version: 1.21
# VM version: JDK 1.8.0_74, Java HotSpot(TM) 64-Bit Server VM, 25.74-b02
# VM invoker: /Library/Java/JavaVirtualMachines/jdk1.8.0_74.jdk/Contents/Home/jre/bin/java
# VM options: -ea
# Warmup: 5 iterations, 10 s each
# Measurement: 5 iterations, 10 s each
# Timeout: 10 min per iteration
# Threads: 1 thread, will synchronize iterations
# Benchmark mode: Throughput, ops/time
# Benchmark: com.cxd.benchmark.JMHSample_06_FixtureLevel.measureWrong

# Run progress: 50.00% complete, ETA 00:01:41
# Fork: 1 of 1
# Warmup Iteration   1: <failure>

java.lang.AssertionError: Nothing changed?
	at com.cxd.benchmark.JMHSample_06_FixtureLevel.check(JMHSample_06_FixtureLevel.java:46)
	at com.cxd.benchmark.generated.JMHSample_06_FixtureLevel_measureWrong_jmhTest.measureWrong_Throughput(JMHSample_06_FixtureLevel_measureWrong_jmhTest.java:95)
	at sun.reflect.NativeMethodAccessorImpl.invoke0(Native Method)
	at sun.reflect.NativeMethodAccessorImpl.invoke(NativeMethodAccessorImpl.java:62)
	at sun.reflect.DelegatingMethodAccessorImpl.invoke(DelegatingMethodAccessorImpl.java:43)
	at java.lang.reflect.Method.invoke(Method.java:498)
	at org.openjdk.jmh.runner.BenchmarkHandler$BenchmarkTask.call(BenchmarkHandler.java:453)
	at org.openjdk.jmh.runner.BenchmarkHandler$BenchmarkTask.call(BenchmarkHandler.java:437)
	at java.util.concurrent.FutureTask.run(FutureTask.java:266)
	at java.util.concurrent.Executors$RunnableAdapter.call(Executors.java:511)
	at java.util.concurrent.FutureTask.run(FutureTask.java:266)
	at java.util.concurrent.ThreadPoolExecutor.runWorker(ThreadPoolExecutor.java:1142)
	at java.util.concurrent.ThreadPoolExecutor$Worker.run(ThreadPoolExecutor.java:617)
	at java.lang.Thread.run(Thread.java:745)


Benchmark had encountered error, and fail on error was requested
